<?xml version="1.0" encoding="UTF-8"?>
<testng-results skipped="0" failed="0" ignored="0" total="1" passed="1">
  <reporter-output>
  </reporter-output>
  <suite name="Default suite" duration-ms="11151" started-at="2017-10-26T13:33:57Z" finished-at="2017-10-26T13:34:08Z">
    <groups>
    </groups>
    <test name="Default test" duration-ms="11151" started-at="2017-10-26T13:33:57Z" finished-at="2017-10-26T13:34:08Z">
      <class name="DropDownRepo">
        <test-method status="PASS" signature="setUp()[pri:0, instance:DropDownRepo@5ae9a829]" name="setUp" is-config="true" duration-ms="10484" started-at="2017-10-26T19:03:57Z" finished-at="2017-10-26T19:04:08Z">
          <reporter-output>
          </reporter-output>
        </test-method> <!-- setUp -->
        <test-method status="PASS" signature="DropDownUsingList()[pri:0, instance:DropDownRepo@5ae9a829]" name="DropDownUsingList" duration-ms="645" started-at="2017-10-26T19:04:08Z" finished-at="2017-10-26T19:04:08Z">
          <reporter-output>
          </reporter-output>
        </test-method> <!-- DropDownUsingList -->
      </class> <!-- DropDownRepo -->
    </test> <!-- Default test -->
  </suite> <!-- Default suite -->
</testng-results>
